This is pdfTeX, Version 3.1415926-2.3-1.40.12 (TeX Live 2011) (format=pdflatex 2011.7.3)  27 APR 2012 14:51
entering extended mode
 restricted \write18 enabled.
 file:line:error style messages enabled.
 %&-line parsing enabled.
**FinalReport_1.2-FINAL.tex
(./FinalReport_1.2-FINAL.tex
LaTeX2e <2009/09/24>
Babel <v3.8l> and hyphenation patterns for english, dumylang, nohyphenation, ge
rman-x-2009-06-19, ngerman-x-2009-06-19, afrikaans, ancientgreek, ibycus, arabi
c, armenian, basque, bulgarian, catalan, pinyin, coptic, croatian, czech, danis
h, dutch, ukenglish, usenglishmax, esperanto, estonian, ethiopic, farsi, finnis
h, french, galician, german, ngerman, swissgerman, monogreek, greek, hungarian,
 icelandic, assamese, bengali, gujarati, hindi, kannada, malayalam, marathi, or
iya, panjabi, tamil, telugu, indonesian, interlingua, irish, italian, kurmanji,
 lao, latin, latvian, lithuanian, mongolian, mongolianlmc, bokmal, nynorsk, pol
ish, portuguese, romanian, russian, sanskrit, serbian, serbianc, slovak, sloven
ian, spanish, swedish, turkish, turkmen, ukrainian, uppersorbian, welsh, loaded
.
(/usr/local/texlive/2011/texmf-dist/tex/latex/base/report.cls
Document Class: report 2007/10/19 v1.4h Standard LaTeX document class
(/usr/local/texlive/2011/texmf-dist/tex/latex/base/size12.clo
File: size12.clo 2007/10/19 v1.4h Standard LaTeX file (size option)
)
\c@part=\count79
\c@chapter=\count80
\c@section=\count81
\c@subsection=\count82
\c@subsubsection=\count83
\c@paragraph=\count84
\c@subparagraph=\count85
\c@figure=\count86
\c@table=\count87
\abovecaptionskip=\skip41
\belowcaptionskip=\skip42
\bibindent=\dimen102
)
(/usr/local/texlive/2011/texmf-dist/tex/latex/setspace/setspace.sty
Package: setspace 2000/12/01 6.7 Contributed and Supported LaTeX2e package

Package: `setspace' 6.7 <2000/12/01>
) (/usr/local/texlive/2011/texmf-dist/tex/latex/graphics/graphicx.sty
Package: graphicx 1999/02/16 v1.0f Enhanced LaTeX Graphics (DPC,SPQR)

(/usr/local/texlive/2011/texmf-dist/tex/latex/graphics/keyval.sty
Package: keyval 1999/03/16 v1.13 key=value parser (DPC)
\KV@toks@=\toks14
)
(/usr/local/texlive/2011/texmf-dist/tex/latex/graphics/graphics.sty
Package: graphics 2009/02/05 v1.0o Standard LaTeX Graphics (DPC,SPQR)

(/usr/local/texlive/2011/texmf-dist/tex/latex/graphics/trig.sty
Package: trig 1999/03/16 v1.09 sin cos tan (DPC)
)
(/usr/local/texlive/2011/texmf-dist/tex/latex/latexconfig/graphics.cfg
File: graphics.cfg 2010/04/23 v1.9 graphics configuration of TeX Live
)
Package graphics Info: Driver file: pdftex.def on input line 91.

(/usr/local/texlive/2011/texmf-dist/tex/latex/pdftex-def/pdftex.def
File: pdftex.def 2011/05/27 v0.06d Graphics/color for pdfTeX

(/usr/local/texlive/2011/texmf-dist/tex/generic/oberdiek/infwarerr.sty
Package: infwarerr 2010/04/08 v1.3 Providing info/warning/message (HO)
)
(/usr/local/texlive/2011/texmf-dist/tex/generic/oberdiek/ltxcmds.sty
Package: ltxcmds 2011/04/18 v1.20 LaTeX kernel commands for general use (HO)
)
\Gread@gobject=\count88
))
\Gin@req@height=\dimen103
\Gin@req@width=\dimen104
)
(/usr/local/texlive/2011/texmf-dist/tex/latex/float/float.sty
Package: float 2001/11/08 v1.3d Float enhancements (AL)
\c@float@type=\count89
\float@exts=\toks15
\float@box=\box26
\@float@everytoks=\toks16
\@floatcapt=\box27
)
(/usr/local/texlive/2011/texmf-dist/tex/latex/rotating/rotating.sty
Package: rotating 2009/03/28 v2.16a rotated objects in LaTeX

(/usr/local/texlive/2011/texmf-dist/tex/latex/base/ifthen.sty
Package: ifthen 2001/05/26 v1.1c Standard LaTeX ifthen package (DPC)
)
\c@r@tfl@t=\count90
\rotFPtop=\skip43
\rotFPbot=\skip44
\rot@float@box=\box28
\rot@mess@toks=\toks17
)
(/usr/local/texlive/2011/texmf-dist/tex/latex/url/url.sty
\Urlmuskip=\muskip10
Package: url 2006/04/12  ver 3.3  Verb mode for urls, etc.
)
(/Users/vladh/Documents/02_Documents/3rd_year/Final_year_project/FinalReport/.t
expadtmp/FinalReport_1.2-FINAL.aux)
\openout1 = `FinalReport_1.2-FINAL.aux'.

LaTeX Font Info:    Checking defaults for OML/cmm/m/it on input line 10.
LaTeX Font Info:    ... okay on input line 10.
LaTeX Font Info:    Checking defaults for T1/cmr/m/n on input line 10.
LaTeX Font Info:    ... okay on input line 10.
LaTeX Font Info:    Checking defaults for OT1/cmr/m/n on input line 10.
LaTeX Font Info:    ... okay on input line 10.
LaTeX Font Info:    Checking defaults for OMS/cmsy/m/n on input line 10.
LaTeX Font Info:    ... okay on input line 10.
LaTeX Font Info:    Checking defaults for OMX/cmex/m/n on input line 10.
LaTeX Font Info:    ... okay on input line 10.
LaTeX Font Info:    Checking defaults for U/cmr/m/n on input line 10.
LaTeX Font Info:    ... okay on input line 10.

(/usr/local/texlive/2011/texmf-dist/tex/context/base/supp-pdf.mkii
[Loading MPS to PDF converter (version 2006.09.02).]
\scratchcounter=\count91
\scratchdimen=\dimen105
\scratchbox=\box29
\nofMPsegments=\count92
\nofMParguments=\count93
\everyMPshowfont=\toks18
\MPscratchCnt=\count94
\MPscratchDim=\dimen106
\MPnumerator=\count95
\makeMPintoPDFobject=\count96
\everyMPtoPDFconversion=\toks19
) (/usr/local/texlive/2011/texmf-dist/tex/generic/oberdiek/pdftexcmds.sty
Package: pdftexcmds 2011/04/22 v0.16 Utilities of pdfTeX for LuaTeX (HO)

(/usr/local/texlive/2011/texmf-dist/tex/generic/oberdiek/ifluatex.sty
Package: ifluatex 2010/03/01 v1.3 Provides the ifluatex switch (HO)
Package ifluatex Info: LuaTeX not detected.
)
(/usr/local/texlive/2011/texmf-dist/tex/generic/oberdiek/ifpdf.sty
Package: ifpdf 2011/01/30 v2.3 Provides the ifpdf switch (HO)
Package ifpdf Info: pdfTeX in PDF mode is detected.
)
Package pdftexcmds Info: LuaTeX not detected.
Package pdftexcmds Info: \pdf@primitive is available.
Package pdftexcmds Info: \pdf@ifprimitive is available.
Package pdftexcmds Info: \pdfdraftmode found.
)
(/usr/local/texlive/2011/texmf-dist/tex/latex/oberdiek/epstopdf-base.sty
Package: epstopdf-base 2010/02/09 v2.5 Base part for package epstopdf

(/usr/local/texlive/2011/texmf-dist/tex/latex/oberdiek/grfext.sty
Package: grfext 2010/08/19 v1.1 Managing graphics extensions (HO)

(/usr/local/texlive/2011/texmf-dist/tex/generic/oberdiek/kvdefinekeys.sty
Package: kvdefinekeys 2011/04/07 v1.3 Defining keys (HO)
))
(/usr/local/texlive/2011/texmf-dist/tex/latex/oberdiek/kvoptions.sty
Package: kvoptions 2010/12/23 v3.10 Keyval support for LaTeX options (HO)

(/usr/local/texlive/2011/texmf-dist/tex/generic/oberdiek/kvsetkeys.sty
Package: kvsetkeys 2011/04/07 v1.13 Key value parser (HO)

(/usr/local/texlive/2011/texmf-dist/tex/generic/oberdiek/etexcmds.sty
Package: etexcmds 2011/02/16 v1.5 Prefix for e-TeX command names (HO)
Package etexcmds Info: Could not find \expanded.
(etexcmds)             That can mean that you are not using pdfTeX 1.50 or
(etexcmds)             that some package has redefined \expanded.
(etexcmds)             In the latter case, load this package earlier.
)))
Package grfext Info: Graphics extension search list:
(grfext)             [.png,.pdf,.jpg,.mps,.jpeg,.jbig2,.jb2,.PNG,.PDF,.JPG,.JPE
G,.JBIG2,.JB2,.eps]
(grfext)             \AppendGraphicsExtensions on input line 452.

(/usr/local/texlive/2011/texmf-dist/tex/latex/latexconfig/epstopdf-sys.cfg
File: epstopdf-sys.cfg 2010/07/13 v1.3 Configuration of (r)epstopdf for TeX Liv
e
))
LaTeX Font Info:    External font `cmex10' loaded for size
(Font)              <12> on input line 41.
LaTeX Font Info:    External font `cmex10' loaded for size
(Font)              <8> on input line 41.
LaTeX Font Info:    External font `cmex10' loaded for size
(Font)              <6> on input line 41.

[1

{/usr/local/texlive/2011/texmf-var/fonts/map/pdftex/updmap/pdftex.map}]
[1

] [2

]
Underfull \hbox (badness 10000) in paragraph at lines 68--73

 []


Underfull \hbox (badness 10000) in paragraph at lines 68--73

 []


Underfull \hbox (badness 10000) in paragraph at lines 68--73

 []

[3

]
(/Users/vladh/Documents/02_Documents/3rd_year/Final_year_project/FinalReport/.t
expadtmp/FinalReport_1.2-FINAL.toc [4

])
\tf@toc=\write3
\openout3 = `FinalReport_1.2-FINAL.toc'.

 [5]
Chapter 1.

Underfull \hbox (badness 10000) in paragraph at lines 84--85

 []


Underfull \hbox (badness 10000) in paragraph at lines 87--88

 []


Underfull \hbox (badness 10000) in paragraph at lines 90--93

 []

[1


]
Missing character: There is no ‚ in font cmr12!
Missing character: There is no Ä in font cmr12!
Missing character: There is no ú in font cmr12!
Missing character: There is no ‚ in font cmr12!
Missing character: There is no Ä in font cmr12!
Missing character: There is no ù in font cmr12!
 [2]
Chapter 2.

Underfull \hbox (badness 10000) in paragraph at lines 102--103

 []

<./content/DaVinciOdometer.jpg, id=32, 321.2pt x 211.79124pt>
File: ./content/DaVinciOdometer.jpg Graphic file (type jpg)

<use ./content/DaVinciOdometer.jpg>
Package pdftex.def Info: ./content/DaVinciOdometer.jpg used on input line 107.
(pdftex.def)             Requested size: 199.16928pt x 131.33183pt.

Underfull \hbox (badness 10000) in paragraph at lines 112--115

 []


Underfull \hbox (badness 10000) in paragraph at lines 112--115

 []

[3

 <./content/DaVinciOdometer.jpg>] [4]
Chapter 3.

Underfull \hbox (badness 10000) in paragraph at lines 121--128

 []


Underfull \hbox (badness 10000) in paragraph at lines 121--128

 []


Underfull \hbox (badness 10000) in paragraph at lines 121--128

 []


Underfull \hbox (badness 10000) in paragraph at lines 121--128

 []


Underfull \hbox (badness 10000) in paragraph at lines 121--128

 []


Underfull \hbox (badness 10000) in paragraph at lines 121--128

 []


Underfull \hbox (badness 10000) in paragraph at lines 130--132

 []

[5

] [6]
Chapter 4.
Missing character: There is no ‚ in font cmr12!
Missing character: There is no Ä in font cmr12!
Missing character: There is no ô in font cmr12!
Missing character: There is no ‚ in font cmr12!
Missing character: There is no Ä in font cmr12!
Missing character: There is no ô in font cmr12!

Underfull \hbox (badness 10000) in paragraph at lines 136--139

 []


Underfull \hbox (badness 10000) in paragraph at lines 136--139

 []


Underfull \hbox (badness 10000) in paragraph at lines 136--139

 []


Underfull \hbox (badness 10000) in paragraph at lines 136--139

 []


Underfull \hbox (badness 10000) in paragraph at lines 140--141

 []

<./content/SCRUM.jpg, id=46, 1264.725pt x 493.845pt>
File: ./content/SCRUM.jpg Graphic file (type jpg)
 <use ./content/SCRUM.jpg>
Package pdftex.def Info: ./content/SCRUM.jpg used on input line 145.
(pdftex.def)             Requested size: 341.43306pt x 133.31732pt.

[7

] [8 <./content/SCRUM.jpg>]
LaTeX Font Info:    Try loading font information for OMS+cmr on input line 176.


(/usr/local/texlive/2011/texmf-dist/tex/latex/base/omscmr.fd
File: omscmr.fd 1999/05/25 v2.5h Standard LaTeX font definitions
)
LaTeX Font Info:    Font shape `OMS/cmr/m/n' in size <12> not available
(Font)              Font shape `OMS/cmsy/m/n' tried instead on input line 176.
Missing character: There is no ‚ in font cmr12!
Missing character: There is no Ä in font cmr12!
Missing character: There is no ® in font cmr12!
Missing character: There is no ‚ in font cmr12!
Missing character: There is no Ä in font cmr12!
Missing character: There is no ® in font cmr12!
Missing character: There is no ‚ in font cmr12!
Missing character: There is no Ä in font cmr12!
Missing character: There is no ® in font cmr12!
Missing character: There is no ‚ in font cmr12!
Missing character: There is no Ä in font cmr12!
Missing character: There is no ® in font cmr12!
 [9

]
Overfull \hbox (20.65819pt too wide) in paragraph at lines 227--228
[]\OT1/cmr/m/n/12 Organising and clar-i-fy-ing what has been gath-ered from cus
-tomer/users 
 []


Overfull \hbox (0.54868pt too wide) in paragraph at lines 231--232
[]\OT1/cmr/m/n/12 Negotiating pos-si-ble changes with cus-tomer/users and ad-vi
se them
 []

[10] [11]
Overfull \hbox (2.1793pt too wide) in paragraph at lines 284--285
[]\OT1/cmr/m/n/12 Interpreting ar-chi-tec-tural de-sign di-a-grams in Objective
-C lan-guage
 []


./FinalReport_1.2-FINAL.tex:303: LaTeX Error: \begin{enumerate} on input line 2
71 ended by \end{enumarate}.

See the LaTeX manual or LaTeX Companion for explanation.
Type  H <return>  for immediate help.
 ...                                              
                                                  
l.303 \end{enumarate}
                     
Your command was ignored.
Type  I <command> <return>  to replace it with another command,
or  <return>  to continue without it.

[12] <./content/PERTchart.jpg, id=67, 789.95125pt x 1086.0575pt>
File: ./content/PERTchart.jpg Graphic file (type jpg)

<use ./content/PERTchart.jpg>
Package pdftex.def Info: ./content/PERTchart.jpg used on input line 335.
(pdftex.def)             Requested size: 341.43306pt x 469.41512pt.
 [13]
<./content/PERTchart2.jpg, id=72, 787.94376pt x 745.78625pt>
File: ./content/PERTchart2.jpg Graphic file (type jpg)

<use ./content/PERTchart2.jpg>
Package pdftex.def Info: ./content/PERTchart2.jpg used on input line 341.
(pdftex.def)             Requested size: 341.43306pt x 323.16263pt.
 [14 <./content/PERTchart.jpg>] [15 <./content/PERTchart2.jpg>]
Chapter 5.
[16

] [17] [18]
Underfull \hbox (badness 10000) in paragraph at lines 422--423

 []


Underfull \hbox (badness 10000) in paragraph at lines 429--431

 []


Underfull \hbox (badness 10000) in paragraph at lines 433--435

 []

[19] <./content/PEM_use_case.jpg, id=92, 1653.17625pt x 1952.29375pt>
File: ./content/PEM_use_case.jpg Graphic file (type jpg)

<use ./content/PEM_use_case.jpg>
Package pdftex.def Info: ./content/PEM_use_case.jpg used on input line 439.
(pdftex.def)             Requested size: 341.43306pt x 403.20177pt.
 [20]
<./content/PEMWEBAPP_use_case.jpg, id=96, 1656.1875pt x 1301.86375pt>
File: ./content/PEMWEBAPP_use_case.jpg Graphic file (type jpg)

<use ./content/PEMWEBAPP_use_case.jpg>
Package pdftex.def Info: ./content/PEMWEBAPP_use_case.jpg used on input line 44
5.
(pdftex.def)             Requested size: 341.43306pt x 268.37366pt.
 [21 <./content/PEM_use_case.jpg>]
Underfull \hbox (badness 10000) in paragraph at lines 453--480

 []


Underfull \hbox (badness 10000) in paragraph at lines 453--480

 []


Underfull \hbox (badness 10000) in paragraph at lines 453--480

 []


Underfull \hbox (badness 10000) in paragraph at lines 453--480

 []


Underfull \hbox (badness 10000) in paragraph at lines 453--480

 []


Underfull \hbox (badness 10000) in paragraph at lines 453--480

 []


Underfull \hbox (badness 10000) in paragraph at lines 453--480

 []


Underfull \hbox (badness 10000) in paragraph at lines 453--480

 []


Underfull \hbox (badness 10000) in paragraph at lines 453--480

 []


Underfull \hbox (badness 10000) in paragraph at lines 453--480

 []


Underfull \hbox (badness 10000) in paragraph at lines 453--480

 []


Underfull \hbox (badness 10000) in paragraph at lines 453--480

 []


Overfull \hbox (6.25008pt too wide) in paragraph at lines 453--480
\OT1/cmr/m/n/12 This fea-ture shall up-load user's pro-file with all ses-sions 
to the re-mote PEMWE-
 []


Underfull \hbox (badness 10000) in paragraph at lines 453--480

 []


Underfull \hbox (badness 10000) in paragraph at lines 453--480

 []


Underfull \hbox (badness 10000) in paragraph at lines 453--480

 []

[22 <./content/PEMWEBAPP_use_case.jpg>] [23]
Underfull \hbox (badness 10000) in paragraph at lines 481--498

 []


Underfull \hbox (badness 10000) in paragraph at lines 481--498

 []


Underfull \hbox (badness 10000) in paragraph at lines 481--498

 []


Underfull \hbox (badness 10000) in paragraph at lines 481--498

 []


Underfull \hbox (badness 10000) in paragraph at lines 481--498

 []


Underfull \hbox (badness 10000) in paragraph at lines 481--498

 []


Underfull \hbox (badness 10000) in paragraph at lines 481--498

 []


Underfull \hbox (badness 10000) in paragraph at lines 481--498

 []


Underfull \hbox (badness 10000) in paragraph at lines 481--498

 []


Underfull \hbox (badness 10000) in paragraph at lines 481--498

 []

[24] [25]
Underfull \hbox (badness 10000) in paragraph at lines 504--506

 []


Underfull \hbox (badness 10000) in paragraph at lines 504--506

 []


Underfull \hbox (badness 10000) in paragraph at lines 514--515

 []

[26]
Underfull \hbox (badness 10000) in paragraph at lines 525--526

 []


Underfull \hbox (badness 10000) in paragraph at lines 530--531

 []


Underfull \hbox (badness 10000) in paragraph at lines 531--532

 []


Underfull \hbox (badness 10000) in paragraph at lines 536--537

 []


Underfull \hbox (badness 10000) in paragraph at lines 537--538

 []

[27]
Underfull \hbox (badness 10000) in paragraph at lines 544--545

 []


Underfull \hbox (badness 10000) in paragraph at lines 556--557

 []


Underfull \hbox (badness 10000) in paragraph at lines 561--562

 []


Overfull \hbox (4.02531pt too wide) in paragraph at lines 566--567
[]\OT1/cmr/m/n/12 PEM shall make use of the ACSM's Metabolic Cal-cu-la-tion Han
d-
 []


Underfull \hbox (badness 10000) in paragraph at lines 567--568

 []

[28] <./content/InitialObjectDiagram.jpg, id=122, 1896.08376pt x 2789.42125pt>
File: ./content/InitialObjectDiagram.jpg Graphic file (type jpg)

<use ./content/InitialObjectDiagram.jpg>
Package pdftex.def Info: ./content/InitialObjectDiagram.jpg used on input line 
585.
(pdftex.def)             Requested size: 341.43306pt x 502.28699pt.

<./content/SystemsObjectDiagram.jpg, id=123, 2275.50125pt x 1325.95375pt>
File: ./content/SystemsObjectDiagram.jpg Graphic file (type jpg)

<use ./content/SystemsObjectDiagram.jpg>
Package pdftex.def Info: ./content/SystemsObjectDiagram.jpg used on input line 
593.
(pdftex.def)             Requested size: 569.05511pt x 331.58879pt.

Overfull \hbox (28.45276pt too wide) in paragraph at lines 593--594
[][] 
 []

[29 <./content/InitialObjectDiagram.jpg>] [30 <./content/SystemsObjectDiagram.j
pg>]
Chapter 6.

Underfull \hbox (badness 10000) in paragraph at lines 604--607

 []

<./content/fitbit.jpg, id=130, 316.18124pt x 206.7725pt>
File: ./content/fitbit.jpg Graphic file (type jpg)

<use ./content/fitbit.jpg>
Package pdftex.def Info: ./content/fitbit.jpg used on input line 610.
(pdftex.def)             Requested size: 341.43306pt x 223.3015pt.
 [31

]
<./content/bodymedia.jpg, id=135, 451.6875pt x 272.01625pt>
File: ./content/bodymedia.jpg Graphic file (type jpg)

<use ./content/bodymedia.jpg>
Package pdftex.def Info: ./content/bodymedia.jpg used on input line 616.
(pdftex.def)             Requested size: 341.43306pt x 205.63042pt.
 [32 <./content/fitbit.jpg> <./content/bodymedia.jpg>] <./content/simpleiPhoneA
pp.jpg, id=139, 399.4925pt x 738.76pt>
File: ./content/simpleiPhoneApp.jpg Graphic file (type jpg)

<use ./content/simpleiPhoneApp.jpg>
Package pdftex.def Info: ./content/simpleiPhoneApp.jpg used on input line 626.
(pdftex.def)             Requested size: 142.26378pt x 263.07889pt.
Missing character: There is no ‚ in font cmr12!
Missing character: There is no Ä in font cmr12!
Missing character: There is no ô in font cmr12!
Missing character: There is no ‚ in font cmr12!
Missing character: There is no Ä in font cmr12!
Missing character: There is no ô in font cmr12!

Underfull \hbox (badness 10000) in paragraph at lines 631--633

 []

[33

 <./content/simpleiPhoneApp.jpg>]
<./content/iOSAppKeyObjects.jpg, id=143, 559.08875pt x 466.74374pt>
File: ./content/iOSAppKeyObjects.jpg Graphic file (type jpg)

<use ./content/iOSAppKeyObjects.jpg>
Package pdftex.def Info: ./content/iOSAppKeyObjects.jpg used on input line 637.

(pdftex.def)             Requested size: 341.43306pt x 285.04799pt.

<./content/iPhoneApp-wiringAction.jpg, id=144, 742.775pt x 706.64pt>
File: ./content/iPhoneApp-wiringAction.jpg Graphic file (type jpg)

<use ./content/iPhoneApp-wiringAction.jpg>
Package pdftex.def Info: ./content/iPhoneApp-wiringAction.jpg used on input lin
e 644.
(pdftex.def)             Requested size: 284.52756pt x 270.69325pt.
 [34 <./content/iOSAppKeyObjects.jpg>] [35 <./content/iPhoneApp-wiringAction.jp
g>]
<./content/FirstGPSApp.jpg, id=151, 390.45876pt x 725.71124pt>
File: ./content/FirstGPSApp.jpg Graphic file (type jpg)

<use ./content/FirstGPSApp.jpg>
Package pdftex.def Info: ./content/FirstGPSApp.jpg used on input line 657.
(pdftex.def)             Requested size: 142.26378pt x 264.41177pt.
 [36

 <./content/FirstGPSApp.jpg>]
Underfull \hbox (badness 10000) in paragraph at lines 666--673

 []


Underfull \hbox (badness 10000) in paragraph at lines 666--673

 []


Underfull \hbox (badness 10000) in paragraph at lines 666--673

 []

[37

] <./content/PEM-firstPrototype.jpg, id=159, 399.4925pt x 738.76pt>
File: ./content/PEM-firstPrototype.jpg Graphic file (type jpg)

<use ./content/PEM-firstPrototype.jpg>
Package pdftex.def Info: ./content/PEM-firstPrototype.jpg used on input line 67
7.
(pdftex.def)             Requested size: 142.26378pt x 263.07889pt.
 [38 <./content/PEM-firstPrototype.jpg>]
Underfull \hbox (badness 10000) in paragraph at lines 684--691

 []


Underfull \hbox (badness 10000) in paragraph at lines 684--691

 []


Underfull \hbox (badness 10000) in paragraph at lines 684--691

 []


Underfull \hbox (badness 10000) in paragraph at lines 684--691

 []


Underfull \hbox (badness 10000) in paragraph at lines 684--691

 []


Underfull \hbox (badness 10000) in paragraph at lines 684--691

 []

[39

] <./content/PEM-fifthSprintCycle.jpg, id=166, 803.0pt x 742.775pt>
File: ./content/PEM-fifthSprintCycle.jpg Graphic file (type jpg)

<use ./content/PEM-fifthSprintCycle.jpg>
Package pdftex.def Info: ./content/PEM-fifthSprintCycle.jpg used on input line 
695.
(pdftex.def)             Requested size: 341.43306pt x 315.8282pt.
 [40] [41 <./content/PEM-fifthSprintCycle.jpg>] <./content/PEM-database-Initial
.jpg, id=173, 485.815pt x 185.69376pt>
File: ./content/PEM-database-Initial.jpg Graphic file (type jpg)

<use ./content/PEM-database-Initial.jpg>
Package pdftex.def Info: ./content/PEM-database-Initial.jpg used on input line 
708.
(pdftex.def)             Requested size: 341.43306pt x 130.50609pt.
 [42

 <./content/PEM-database-Initial.jpg>]
Underfull \hbox (badness 10000) in paragraph at lines 719--721

 []


Underfull \hbox (badness 10000) in paragraph at lines 719--721

 []


Underfull \hbox (badness 10000) in paragraph at lines 719--721

 []

<./content/AppleCoreData.jpg, id=177, 366.36874pt x 395.4775pt>
File: ./content/AppleCoreData.jpg Graphic file (type jpg)

<use ./content/AppleCoreData.jpg>
Package pdftex.def Info: ./content/AppleCoreData.jpg used on input line 725.
(pdftex.def)             Requested size: 256.0748pt x 276.43408pt.
 [43

]
Underfull \hbox (badness 10000) in paragraph at lines 730--733

 []


Underfull \hbox (badness 10000) in paragraph at lines 736--740

 []


Underfull \hbox (badness 10000) in paragraph at lines 736--740

 []


Underfull \hbox (badness 10000) in paragraph at lines 736--740

 []


Underfull \hbox (badness 10000) in paragraph at lines 736--740

 []

[44 <./content/AppleCoreData.jpg>] [45] [46]
Underfull \hbox (badness 10000) in paragraph at lines 744--745

 []


Underfull \hbox (badness 10000) in paragraph at lines 744--745

 []


Underfull \hbox (badness 10000) in paragraph at lines 747--748

 []


Underfull \hbox (badness 10000) in paragraph at lines 748--749

 []


Underfull \hbox (badness 10000) in paragraph at lines 748--749

 []


Underfull \hbox (badness 10000) in paragraph at lines 750--757

 []


Underfull \hbox (badness 10000) in paragraph at lines 750--757

 []


Underfull \hbox (badness 10000) in paragraph at lines 759--760

 []


Underfull \hbox (badness 10000) in paragraph at lines 759--760

 []


Overfull \hbox (58.68303pt too wide) in paragraph at lines 762--771
[][] 
 []


Underfull \hbox (badness 10000) in paragraph at lines 762--771

 []


Underfull \hbox (badness 10000) in paragraph at lines 762--771

 []

[47

]
Underfull \hbox (badness 10000) in paragraph at lines 773--774

 []


Underfull \hbox (badness 10000) in paragraph at lines 773--774

 []

<./content/KineticEnergy.jpg, id=195, 129.48375pt x 60.225pt>
File: ./content/KineticEnergy.jpg Graphic file (type jpg)

<use ./content/KineticEnergy.jpg>
Package pdftex.def Info: ./content/KineticEnergy.jpg used on input line 781.
(pdftex.def)             Requested size: 113.81102pt x 52.9375pt.

Underfull \hbox (badness 10000) in paragraph at lines 785--790

 []


Underfull \hbox (badness 10000) in paragraph at lines 785--790

 []


Underfull \hbox (badness 10000) in paragraph at lines 792--793

 []


Underfull \hbox (badness 10000) in paragraph at lines 796--802

 []


Underfull \hbox (badness 10000) in paragraph at lines 796--802

 []

[48 <./content/KineticEnergy.jpg>] [49]
Underfull \hbox (badness 10000) in paragraph at lines 808--811

 []


Underfull \hbox (badness 10000) in paragraph at lines 819--820

 []

[50

]
Underfull \hbox (badness 10000) in paragraph at lines 830--831

 []


Underfull \hbox (badness 10000) in paragraph at lines 830--831

 []


Underfull \hbox (badness 10000) in paragraph at lines 834--835

 []


Underfull \hbox (badness 10000) in paragraph at lines 834--835

 []

[51]
Underfull \hbox (badness 10000) in paragraph at lines 841--842

 []


Underfull \hbox (badness 10000) in paragraph at lines 843--844

 []


Underfull \hbox (badness 10000) in paragraph at lines 849--850

 []


Underfull \hbox (badness 10000) in paragraph at lines 853--854

 []


Underfull \hbox (badness 10000) in paragraph at lines 858--859

 []


Underfull \hbox (badness 10000) in paragraph at lines 860--861

 []


Underfull \hbox (badness 10000) in paragraph at lines 862--865

 []


Underfull \hbox (badness 10000) in paragraph at lines 869--873

 []


Underfull \hbox (badness 10000) in paragraph at lines 869--873

 []

[52

]
Underfull \hbox (badness 10000) in paragraph at lines 876--877

 []


Underfull \hbox (badness 10000) in paragraph at lines 876--877

 []

[53]
Underfull \hbox (badness 10000) in paragraph at lines 881--886

 []


Underfull \hbox (badness 10000) in paragraph at lines 881--886

 []


Underfull \hbox (badness 10000) in paragraph at lines 888--889

 []

[54

]
Underfull \hbox (badness 10000) in paragraph at lines 892--914

 []


Underfull \hbox (badness 10000) in paragraph at lines 892--914

 []


Underfull \hbox (badness 10000) in paragraph at lines 892--914

 []


Underfull \hbox (badness 10000) in paragraph at lines 892--914

 []


Underfull \hbox (badness 10000) in paragraph at lines 892--914

 []


Underfull \hbox (badness 10000) in paragraph at lines 892--914

 []


Underfull \hbox (badness 10000) in paragraph at lines 892--914

 []


Underfull \hbox (badness 10000) in paragraph at lines 892--914

 []


Underfull \hbox (badness 10000) in paragraph at lines 892--914

 []


Underfull \hbox (badness 10000) in paragraph at lines 892--914

 []


Underfull \hbox (badness 10000) in paragraph at lines 892--914

 []

[55

]
Underfull \hbox (badness 10000) in paragraph at lines 918--921

 []


Underfull \hbox (badness 10000) in paragraph at lines 918--921

 []

[56

]
Overfull \hbox (13.50572pt too wide) in paragraph at lines 924--924
[]\OT1/cmr/bx/n/17.28 Implementing ACSM Met-Calcs into PEM 
 []

<./content/CalculatingVO2code.jpg, id=227, 656.4525pt x 234.8775pt>
File: ./content/CalculatingVO2code.jpg Graphic file (type jpg)

<use ./content/CalculatingVO2code.jpg>
Package pdftex.def Info: ./content/CalculatingVO2code.jpg used on input line 93
0.
(pdftex.def)             Requested size: 341.43306pt x 122.16566pt.

<./content/calculatingCaloriesCode.jpg, id=228, 531.9875pt x 158.5925pt>
File: ./content/calculatingCaloriesCode.jpg Graphic file (type jpg)

<use ./content/calculatingCaloriesCode.jpg>
Package pdftex.def Info: ./content/calculatingCaloriesCode.jpg used on input li
ne 937.
(pdftex.def)             Requested size: 341.43306pt x 101.7868pt.
 [57

 <./content/CalculatingVO2code.jpg> <./content/calculatingCaloriesCode.jpg>]
Underfull \hbox (badness 10000) in paragraph at lines 942--944

 []


Underfull \hbox (badness 10000) in paragraph at lines 950--951

 []

<./content/calculateGradeCode.jpg, id=232, 483.8075pt x 110.4125pt>
File: ./content/calculateGradeCode.jpg Graphic file (type jpg)

<use ./content/calculateGradeCode.jpg>
Package pdftex.def Info: ./content/calculateGradeCode.jpg used on input line 95
6.
(pdftex.def)             Requested size: 341.43306pt x 77.92336pt.

Underfull \hbox (badness 10000) in paragraph at lines 961--966

 []


Underfull \hbox (badness 10000) in paragraph at lines 961--966

 []

[58

 <./content/calculateGradeCode.jpg>]
<./content/XMLcode.jpg, id=236, 474.77374pt x 130.4875pt>
File: ./content/XMLcode.jpg Graphic file (type jpg)

<use ./content/XMLcode.jpg>
Package pdftex.def Info: ./content/XMLcode.jpg used on input line 970.
(pdftex.def)             Requested size: 341.43306pt x 93.8434pt.

<./content/JSONfile.jpg, id=237, 359.3425pt x 258.9675pt>
File: ./content/JSONfile.jpg Graphic file (type jpg)

<use ./content/JSONfile.jpg>
Package pdftex.def Info: ./content/JSONfile.jpg used on input line 980.
(pdftex.def)             Requested size: 341.43306pt x 246.07698pt.
 [59 <./content/XMLcode.jpg>]
Underfull \hbox (badness 10000) in paragraph at lines 985--986

 []


Underfull \hbox (badness 10000) in paragraph at lines 992--993

 []


Underfull \hbox (badness 10000) in paragraph at lines 998--999

 []


Underfull \hbox (badness 10000) in paragraph at lines 1002--1003

 []


Underfull \hbox (badness 10000) in paragraph at lines 1002--1003

 []

[60 <./content/JSONfile.jpg>]
Missing character: There is no ‚ in font cmr12!
Missing character: There is no Ä in font cmr12!
Missing character: There is no ¶ in font cmr12!

Underfull \hbox (badness 10000) in paragraph at lines 1005--1008

 []

[61]
Underfull \hbox (badness 10000) in paragraph at lines 1012--1014

 []

<./content/CO2CalcsTrain.jpg, id=248, 622.325pt x 189.70876pt>
File: ./content/CO2CalcsTrain.jpg Graphic file (type jpg)

<use ./content/CO2CalcsTrain.jpg>
Package pdftex.def Info: ./content/CO2CalcsTrain.jpg used on input line 1018.
(pdftex.def)             Requested size: 341.43306pt x 104.0825pt.

Underfull \hbox (badness 10000) in paragraph at lines 1023--1025

 []


Underfull \hbox (badness 10000) in paragraph at lines 1023--1025

 []

[62

 <./content/CO2CalcsTrain.jpg>]
Underfull \hbox (badness 10000) in paragraph at lines 1029--1033

 []


Underfull \hbox (badness 10000) in paragraph at lines 1029--1033

 []

[63

] [64] <./content/EntityBean.jpg, id=258, 402.50375pt x 377.41pt>
File: ./content/EntityBean.jpg Graphic file (type jpg)

<use ./content/EntityBean.jpg>
Package pdftex.def Info: ./content/EntityBean.jpg used on input line 1047.
(pdftex.def)             Requested size: 341.43306pt x 320.14351pt.
 [65]
Underfull \hbox (badness 10000) in paragraph at lines 1053--1057

 []

[66 <./content/EntityBean.jpg>]
<./content/JSFpageStats.jpg, id=265, 636.3775pt x 412.54124pt>
File: ./content/JSFpageStats.jpg Graphic file (type jpg)

<use ./content/JSFpageStats.jpg>
Package pdftex.def Info: ./content/JSFpageStats.jpg used on input line 1061.
(pdftex.def)             Requested size: 341.43306pt x 221.33372pt.

<./content/BackingBean.jpg, id=266, 702.625pt x 405.515pt>
File: ./content/BackingBean.jpg Graphic file (type jpg)

<use ./content/BackingBean.jpg>
Package pdftex.def Info: ./content/BackingBean.jpg used on input line 1073.
(pdftex.def)             Requested size: 341.43306pt x 197.05817pt.
 [67 <./content/JSFpageStats.jpg>]
<./content/EL.jpg, id=271, 708.6475pt x 97.36375pt>
File: ./content/EL.jpg Graphic file (type jpg)
 <use ./content/EL.jpg>
Package pdftex.def Info: ./content/EL.jpg used on input line 1085.
(pdftex.def)             Requested size: 341.43306pt x 46.91084pt.

[68 <./content/BackingBean.jpg> <./content/EL.jpg>]
Underfull \hbox (badness 10000) in paragraph at lines 1096--1097

 []


Underfull \hbox (badness 10000) in paragraph at lines 1096--1097

 []

<./content/restWebService.jpg, id=275, 508.90125pt x 337.26pt>
File: ./content/restWebService.jpg Graphic file (type jpg)

<use ./content/restWebService.jpg>
Package pdftex.def Info: ./content/restWebService.jpg used on input line 1101.
(pdftex.def)             Requested size: 341.43306pt x 226.28207pt.
 [69 <./content/restWebService.jpg>]
<./content/PEMauthentication.jpg, id=279, 515.9275pt x 297.11pt>
File: ./content/PEMauthentication.jpg Graphic file (type jpg)

<use ./content/PEMauthentication.jpg>
Package pdftex.def Info: ./content/PEMauthentication.jpg used on input line 111
6.
(pdftex.def)             Requested size: 341.43306pt x 196.62816pt.
 [70]
Underfull \hbox (badness 10000) in paragraph at lines 1122--1124

 []


Underfull \hbox (badness 10000) in paragraph at lines 1122--1124

 []


Underfull \hbox (badness 10000) in paragraph at lines 1128--1129

 []

[71 <./content/PEMauthentication.jpg>]
Underfull \hbox (badness 10000) in paragraph at lines 1138--1139

 []

<./content/PEMfinished.jpg, id=286, 803.0pt x 742.775pt>
File: ./content/PEMfinished.jpg Graphic file (type jpg)

<use ./content/PEMfinished.jpg>
Package pdftex.def Info: ./content/PEMfinished.jpg used on input line 1149.
(pdftex.def)             Requested size: 341.43306pt x 315.8282pt.
 [72] [73 <./content/PEMfinished.jpg>]
<./content/PEMcontextDiagram.jpg, id=294, 456.70625pt x 243.91125pt>
File: ./content/PEMcontextDiagram.jpg Graphic file (type jpg)

<use ./content/PEMcontextDiagram.jpg>
Package pdftex.def Info: ./content/PEMcontextDiagram.jpg used on input line 116
4.
(pdftex.def)             Requested size: 341.43306pt x 182.35237pt.

Underfull \hbox (badness 10000) in paragraph at lines 1170--1171

 []

<./content/MVC-withPackages.jpg, id=295, 1839.87375pt x 1255.69125pt>
File: ./content/MVC-withPackages.jpg Graphic file (type jpg)

<use ./content/MVC-withPackages.jpg>
Package pdftex.def Info: ./content/MVC-withPackages.jpg used on input line 1175
.
(pdftex.def)             Requested size: 341.43306pt x 233.00818pt.
 [74

 <./content/PEMcontextDiagram.jpg>]
Underfull \hbox (badness 10000) in paragraph at lines 1180--1181

 []


<./content/PEMWEBAPP-LayeredArchitectureWithPackages.jpg, id=299, 1986.42125pt 
x 779.91376pt>
File: ./content/PEMWEBAPP-LayeredArchitectureWithPackages.jpg Graphic file (typ
e jpg)
 <use ./content/PEMWEBAPP-LayeredArchitectureWithPackages.jpg>
Package pdftex.def Info: ./content/PEMWEBAPP-LayeredArchitectureWithPackages.jp
g used on input line 1185.
(pdftex.def)             Requested size: 341.43306pt x 134.04735pt.

Underfull \hbox (badness 10000) in paragraph at lines 1190--1191

 []

[75 <./content/MVC-withPackages.jpg> <./content/PEMWEBAPP-LayeredArchitectureWi
thPackages.jpg>]
<./content/client_server.jpg, id=303, 493.845pt x 290.08376pt>
File: ./content/client_server.jpg Graphic file (type jpg)

<use ./content/client_server.jpg>
Package pdftex.def Info: ./content/client_server.jpg used on input line 1195.
(pdftex.def)             Requested size: 341.43306pt x 200.55637pt.

<./content/pemwebappArchitecture.jpg, id=304, 911.405pt x 543.02875pt>
File: ./content/pemwebappArchitecture.jpg Graphic file (type jpg)

<use ./content/pemwebappArchitecture.jpg>
Package pdftex.def Info: ./content/pemwebappArchitecture.jpg used on input line
 1206.
(pdftex.def)             Requested size: 569.05511pt x 339.06068pt.

Overfull \hbox (28.45276pt too wide) in paragraph at lines 1206--1207
[][] 
 []

[76 <./content/client_server.jpg>] [77 <./content/pemwebappArchitecture.jpg>]
Underfull \hbox (badness 10000) in paragraph at lines 1216--1217

 []


Underfull \hbox (badness 10000) in paragraph at lines 1216--1217

 []

<./content/PEM-trackingClassDiagram.jpg, id=311, 1035.87pt x 589.20125pt>
File: ./content/PEM-trackingClassDiagram.jpg Graphic file (type jpg)

<use ./content/PEM-trackingClassDiagram.jpg>
Package pdftex.def Info: ./content/PEM-trackingClassDiagram.jpg used on input l
ine 1226.
(pdftex.def)             Requested size: 569.05511pt x 323.69307pt.

Overfull \hbox (28.45276pt too wide) in paragraph at lines 1226--1227
[][] 
 []

[78

] <./content/PEM-createProfileCD.jpg, id=315, 980.66376pt x 527.9725pt>
File: ./content/PEM-createProfileCD.jpg Graphic file (type jpg)

<use ./content/PEM-createProfileCD.jpg>
Package pdftex.def Info: ./content/PEM-createProfileCD.jpg used on input line 1
237.
(pdftex.def)             Requested size: 569.05511pt x 306.37732pt.

Overfull \hbox (28.45276pt too wide) in paragraph at lines 1237--1238
[][] 
 []

[79 <./content/PEM-trackingClassDiagram.jpg>]
<./content/PEM-TransferDataCD.jpg, id=320, 1021.8175pt x 560.0925pt>
File: ./content/PEM-TransferDataCD.jpg Graphic file (type jpg)

<use ./content/PEM-TransferDataCD.jpg>
Package pdftex.def Info: ./content/PEM-TransferDataCD.jpg used on input line 12
48.
(pdftex.def)             Requested size: 569.05511pt x 311.91475pt.

Overfull \hbox (28.45276pt too wide) in paragraph at lines 1248--1249
[][] 
 []

[80 <./content/PEM-createProfileCD.jpg>]
<./content/PEM-stateDiagram.jpg, id=324, 948.54375pt x 587.19376pt>
File: ./content/PEM-stateDiagram.jpg Graphic file (type jpg)

<use ./content/PEM-stateDiagram.jpg>
Package pdftex.def Info: ./content/PEM-stateDiagram.jpg used on input line 1259
.
(pdftex.def)             Requested size: 569.05511pt x 352.28313pt.

Overfull \hbox (28.45276pt too wide) in paragraph at lines 1259--1260
[][] 
 []

[81 <./content/PEM-TransferDataCD.jpg>]
<./content/PEMWEBAPP-classDiagram.jpg, id=328, 831.105pt x 661.47125pt>
File: ./content/PEMWEBAPP-classDiagram.jpg Graphic file (type jpg)

<use ./content/PEMWEBAPP-classDiagram.jpg>
Package pdftex.def Info: ./content/PEMWEBAPP-classDiagram.jpg used on input lin
e 1270.
(pdftex.def)             Requested size: 569.05511pt x 452.9234pt.

Overfull \hbox (28.45276pt too wide) in paragraph at lines 1270--1271
[][] 
 []


Overfull \hbox (62.9234pt too wide) in paragraph at lines 1272--1274
 [][] 
 []

[82 <./content/PEM-stateDiagram.jpg>]
Underfull \hbox (badness 10000) in paragraph at lines 1279--1280

 []

[83 <./content/PEMWEBAPP-classDiagram.jpg>]
Underfull \hbox (badness 10000) in paragraph at lines 1282--1292

 []


Underfull \hbox (badness 10000) in paragraph at lines 1282--1292

 []


Underfull \hbox (badness 10000) in paragraph at lines 1294--1296

 []


Underfull \hbox (badness 10000) in paragraph at lines 1294--1296

 []

[84]
Chapter 7.

Underfull \hbox (badness 10000) in paragraph at lines 1301--1302

 []

<./content/PEM-evaluation.jpg, id=338, 1243.64626pt x 648.4225pt>
File: ./content/PEM-evaluation.jpg Graphic file (type jpg)

<use ./content/PEM-evaluation.jpg>
Package pdftex.def Info: ./content/PEM-evaluation.jpg used on input line 1307.
(pdftex.def)             Requested size: 569.05511pt x 296.6949pt.

Overfull \hbox (28.45276pt too wide) in paragraph at lines 1307--1308
[][] 
 []

[85


] [86 <./content/PEM-evaluation.jpg>]
Underfull \hbox (badness 10000) in paragraph at lines 1317--1320

 []


Underfull \hbox (badness 10000) in paragraph at lines 1317--1320

 []


Underfull \hbox (badness 10000) in paragraph at lines 1317--1320

 []

<./content/CaloriesPerMin.jpg, id=346, 1010.77625pt x 629.35126pt>
File: ./content/CaloriesPerMin.jpg Graphic file (type jpg)

<use ./content/CaloriesPerMin.jpg>
Package pdftex.def Info: ./content/CaloriesPerMin.jpg used on input line 1324.
(pdftex.def)             Requested size: 341.43306pt x 212.59375pt.
 [87

 <./content/CaloriesPerMin.jpg>]
Chapter 8.

Underfull \hbox (badness 10000) in paragraph at lines 1330--1334

 []


Underfull \hbox (badness 10000) in paragraph at lines 1330--1334

 []


Underfull \hbox (badness 10000) in paragraph at lines 1330--1334

 []

[88

]
Underfull \hbox (badness 10000) in paragraph at lines 1339--1341

 []

[89]

./FinalReport_1.2-FINAL.tex:1347: LaTeX Error: Something's wrong--perhaps a mis
sing \item.

See the LaTeX manual or LaTeX Companion for explanation.
Type  H <return>  for immediate help.
 ...                                              
                                                  
l.1347 \begin{itemize}
                      
Try typing  <return>  to proceed.
If that doesn't work, type  X <return>  to quit.


Underfull \hbox (badness 10000) in paragraph at lines 1348--1349

 []


Underfull \hbox (badness 10000) in paragraph at lines 1349--1351

 []


Underfull \hbox (badness 10000) in paragraph at lines 1351--1352

 []


Underfull \hbox (badness 10000) in paragraph at lines 1352--1353

 []

LaTeX Font Info:    External font `cmex10' loaded for size
(Font)              <10.95> on input line 1358.

Underfull \hbox (badness 10000) in paragraph at lines 1358--1359

 []


Underfull \hbox (badness 10000) in paragraph at lines 1359--1360

 []


Underfull \hbox (badness 10000) in paragraph at lines 1360--1361

 []


Underfull \hbox (badness 4531) in paragraph at lines 1361--1362
[]\OT1/cmr/m/n/12 Carbon Trust. $\OT1/cmtt/m/n/10.95 http : / / www . carbontru
st . com / resources / reports /
 []


Underfull \hbox (badness 10000) in paragraph at lines 1361--1362

 []


Underfull \hbox (badness 10000) in paragraph at lines 1362--1363

 []

[90

]
Missing character: There is no ‚ in font cmr12!
Missing character: There is no Ä in font cmr12!
Missing character: There is no ì in font cmr12!

Underfull \hbox (badness 10000) in paragraph at lines 1363--1364

 []


Underfull \hbox (badness 10000) in paragraph at lines 1364--1365

 []


Underfull \hbox (badness 10000) in paragraph at lines 1365--1366

 []


Underfull \hbox (badness 10000) in paragraph at lines 1366--1367

 []


Underfull \hbox (badness 10000) in paragraph at lines 1367--1368

 []


Underfull \hbox (badness 10000) in paragraph at lines 1368--1369
[]\OT1/cmr/m/n/12 iOS App Pro-gram-ming Guide. $\OT1/cmtt/m/n/10.95 http : / / 
developer . apple .
 []


Underfull \hbox (badness 10000) in paragraph at lines 1368--1369
\OT1/cmtt/m/n/10.95 com / library / ios / documentation / iphone / conceptual /

 []


Underfull \hbox (badness 10000) in paragraph at lines 1368--1369
\OT1/cmtt/m/n/10.95 iphoneosprogrammingguide / iphoneappprogrammingguide . pdf$
\OT1/cmr/m/n/12 . Last
 []


Underfull \hbox (badness 10000) in paragraph at lines 1368--1369

 []


Underfull \hbox (badness 2582) in paragraph at lines 1369--1370
[]\OT1/cmr/m/n/12 Core Lo-ca-tion Frame-work Ref-er-ence. $\OT1/cmtt/m/n/10.95 
http : / / developer . apple .
 []


Underfull \hbox (badness 10000) in paragraph at lines 1369--1370
\OT1/cmtt/m/n/10.95 com / library / ios / #documentation / CoreLocation / Refer
ence /
 []


Underfull \hbox (badness 10000) in paragraph at lines 1369--1370
\OT1/cmtt/m/n/10.95 CoreLocation _ Framework / _index . html # / / apple _ ref 
/ doc / uid /
 []


Underfull \hbox (badness 10000) in paragraph at lines 1369--1370

 []


Underfull \hbox (badness 10000) in paragraph at lines 1370--1371
[]\OT1/cmr/m/n/12 iOS App Pro-gram-ming Guide. $\OT1/cmtt/m/n/10.95 http : / / 
developer . apple .
 []


Underfull \hbox (badness 10000) in paragraph at lines 1370--1371
\OT1/cmtt/m/n/10.95 com / library / ios / documentation / iphone / conceptual /

 []


Underfull \hbox (badness 10000) in paragraph at lines 1370--1371
\OT1/cmtt/m/n/10.95 iphoneosprogrammingguide / iphoneappprogrammingguide . pdf$
\OT1/cmr/m/n/12 . Last
 []


Underfull \hbox (badness 10000) in paragraph at lines 1370--1371

 []


Underfull \hbox (badness 10000) in paragraph at lines 1371--1372
[]\OT1/cmr/m/n/12 India Curry. $\OT1/cmtt/m/n/10.95 http : / / www . indiacurry
 . com / weightloss /
 []


Underfull \hbox (badness 10000) in paragraph at lines 1371--1372

 []

[91]
Underfull \hbox (badness 10000) in paragraph at lines 1372--1373
[]\OT1/cmr/m/n/12 LIVESTRONG. $\OT1/cmtt/m/n/10.95 http : / / www . livestrong 
. com / article /
 []


Underfull \hbox (badness 3746) in paragraph at lines 1372--1373
\OT1/cmtt/m/n/10.95 78365-[]estimate-[]calories-[]burned-[]heart-[]rate/$\OT1/c
mr/m/n/12 . Last vis-ited 05.
 []


Underfull \hbox (badness 10000) in paragraph at lines 1372--1373

 []


Underfull \hbox (badness 10000) in paragraph at lines 1373--1374

 []


Underfull \hbox (badness 5203) in paragraph at lines 1374--1375
[]\OT1/cmr/m/n/12 School for Cham-pi-ons. $\OT1/cmtt/m/n/10.95 http : / / www .
 school-[]for-[]champions . com /
 []


Underfull \hbox (badness 10000) in paragraph at lines 1375--1376
[]\OT1/cmr/m/n/12 Measurement of Work, Power and En-ergy Ex-pen-di-ture.
 []


Underfull \hbox (badness 10000) in paragraph at lines 1375--1376
\OT1/cmtt/m/n/10.95 http : / / jan . ucc . nau . edu / pe / exs336web / 336work
power . htm$\OT1/cmr/m/n/12 . Last
 []


Underfull \hbox (badness 10000) in paragraph at lines 1375--1376

 []


Underfull \hbox (badness 10000) in paragraph at lines 1376--1377

 []


Underfull \hbox (badness 10000) in paragraph at lines 1377--1378
[]\OT1/cmr/m/n/12 MediKro. $\OT1/cmtt/m/n/10.95 http : / / www . medikro . com 
/ eSupport / index . php ? _m =
 []


Underfull \hbox (badness 10000) in paragraph at lines 1377--1378
\OT1/cmtt/m/n/10.95 knowledgebase& _ a = viewarticle&kbarticleid = 35$\OT1/cmr/
m/n/12 . Last vis-ited
 []


Underfull \hbox (badness 10000) in paragraph at lines 1377--1378

 []


Underfull \hbox (badness 4531) in paragraph at lines 1378--1379
[]\OT1/cmr/m/n/12 Carbon Trust. $\OT1/cmtt/m/n/10.95 http : / / www . carbontru
st . com / resources / reports /
 []


Underfull \hbox (badness 10000) in paragraph at lines 1378--1379

 []


Underfull \hbox (badness 10000) in paragraph at lines 1379--1380

 []


Underfull \hbox (badness 10000) in paragraph at lines 1380--1381

 []


Underfull \hbox (badness 10000) in paragraph at lines 1381--1382

 []


Underfull \hbox (badness 10000) in paragraph at lines 1382--1383

 []

[92]
Underfull \hbox (badness 10000) in paragraph at lines 1383--1384

 []


Underfull \hbox (badness 7273) in paragraph at lines 1384--1385
[]\OT1/cmr/m/n/12 Advanced Object-Oriented Pro-gram-ming and De-sign. $\OT1/cmt
t/m/n/10.95 http :
 []


Underfull \hbox (badness 10000) in paragraph at lines 1384--1385

 []

[93]
Underfull \hbox (badness 10000) in paragraph at lines 1396--1431

 []

[94

] [95]
(/Users/vladh/Documents/02_Documents/3rd_year/Final_year_project/FinalReport/.t
expadtmp/FinalReport_1.2-FINAL.aux) ) 
Here is how much of TeX's memory you used:
 2022 strings out of 493633
 33375 string characters out of 3143378
 86920 words of memory out of 3000000
 5257 multiletter control sequences out of 15000+200000
 10840 words of font info for 38 fonts, out of 3000000 for 9000
 831 hyphenation exceptions out of 8191
 38i,8n,23p,2165b,390s stack positions out of 5000i,500n,10000p,200000b,50000s
</usr/local/texlive/2011/texmf-dist/fonts/
type1/public/amsfonts/cm/cmbx12.pfb></usr/local/texlive/2011/texmf-dist/fonts/t
ype1/public/amsfonts/cm/cmcsc10.pfb></usr/local/texlive/2011/texmf-dist/fonts/t
ype1/public/amsfonts/cm/cmmi8.pfb></usr/local/texlive/2011/texmf-dist/fonts/typ
e1/public/amsfonts/cm/cmr12.pfb></usr/local/texlive/2011/texmf-dist/fonts/type1
/public/amsfonts/cm/cmr8.pfb></usr/local/texlive/2011/texmf-dist/fonts/type1/pu
blic/amsfonts/cm/cmss12.pfb></usr/local/texlive/2011/texmf-dist/fonts/type1/pub
lic/amsfonts/cm/cmsy10.pfb></usr/local/texlive/2011/texmf-dist/fonts/type1/publ
ic/amsfonts/cm/cmti12.pfb></usr/local/texlive/2011/texmf-dist/fonts/type1/publi
c/amsfonts/cm/cmtt10.pfb>
Output written on /Users/vladh/Documents/02_Documents/3rd_year/Final_year_proje
ct/FinalReport/.texpadtmp/FinalReport_1.2-FINAL.pdf (101 pages, 11073667 bytes)
.
PDF statistics:
 410 PDF objects out of 1000 (max. 8388607)
 251 compressed objects within 3 object streams
 0 named destinations out of 1000 (max. 500000)
 221 words of extra memory for PDF output out of 10000 (max. 10000000)

